<?xml version="1.0" encoding="UTF-8"?>
<testsuites>
  <testsuite name="CodeIgniter Application Test Suite" tests="10" assertions="19" failures="0" errors="0" time="0.417806">
    <testsuite name="Welcome_test" file="C:\xampp\htdocs\gienzbirdfarm\application\tests\controllers\Welcome_test.php" fullPackage="Welcome" tests="10" assertions="19" failures="0" errors="0" time="0.417806">
      <testcase name="test_index" class="Welcome_test" file="C:\xampp\htdocs\gienzbirdfarm\application\tests\controllers\Welcome_test.php" line="13" assertions="1" time="0.055833"/>
      <testcase name="test_login_user" class="Welcome_test" file="C:\xampp\htdocs\gienzbirdfarm\application\tests\controllers\Welcome_test.php" line="19" assertions="2" time="0.050417"/>
      <testcase name="test_login_user_salah_password" class="Welcome_test" file="C:\xampp\htdocs\gienzbirdfarm\application\tests\controllers\Welcome_test.php" line="34" assertions="2" time="0.039529"/>
      <testcase name="test_login_user_gaada_isinya" class="Welcome_test" file="C:\xampp\htdocs\gienzbirdfarm\application\tests\controllers\Welcome_test.php" line="49" assertions="2" time="0.036412"/>
      <testcase name="test_login_user_gaada_email" class="Welcome_test" file="C:\xampp\htdocs\gienzbirdfarm\application\tests\controllers\Welcome_test.php" line="64" assertions="2" time="0.035915"/>
      <testcase name="test_login_user_gaada_password" class="Welcome_test" file="C:\xampp\htdocs\gienzbirdfarm\application\tests\controllers\Welcome_test.php" line="79" assertions="2" time="0.037867"/>
      <testcase name="test_login_admin" class="Welcome_test" file="C:\xampp\htdocs\gienzbirdfarm\application\tests\controllers\Welcome_test.php" line="94" assertions="2" time="0.033052"/>
      <testcase name="test_login_admin_gaada_isinya" class="Welcome_test" file="C:\xampp\htdocs\gienzbirdfarm\application\tests\controllers\Welcome_test.php" line="109" assertions="2" time="0.042476"/>
      <testcase name="test_login_admin_gaada_email" class="Welcome_test" file="C:\xampp\htdocs\gienzbirdfarm\application\tests\controllers\Welcome_test.php" line="124" assertions="2" time="0.053162"/>
      <testcase name="test_login_admin_gaada_password" class="Welcome_test" file="C:\xampp\htdocs\gienzbirdfarm\application\tests\controllers\Welcome_test.php" line="139" assertions="2" time="0.033143"/>
    </testsuite>
  </testsuite>
</testsuites>
